mode: set
github.com/giygas/medicamentsfr/ip_middleware.go:9.46,11.55 1 1
github.com/giygas/medicamentsfr/ip_middleware.go:11.55,18.35 3 1
github.com/giygas/medicamentsfr/ip_middleware.go:18.35,20.4 1 1
github.com/giygas/medicamentsfr/ip_middleware.go:24.2,24.49 1 0
github.com/giygas/medicamentsfr/ip_middleware.go:24.49,25.30 1 0
github.com/giygas/medicamentsfr/ip_middleware.go:25.30,27.4 1 0
github.com/giygas/medicamentsfr/ip_middleware.go:31.2,32.16 2 0
github.com/giygas/medicamentsfr/ip_middleware.go:32.16,34.3 1 0
github.com/giygas/medicamentsfr/ip_middleware.go:35.2,35.13 1 0
github.com/giygas/medicamentsfr/ip_middleware.go:39.55,40.71 1 1
github.com/giygas/medicamentsfr/ip_middleware.go:40.71,48.3 3 1
github.com/giygas/medicamentsfr/ip_middleware.go:52.66,53.71 1 1
github.com/giygas/medicamentsfr/ip_middleware.go:53.71,55.79 1 1
github.com/giygas/medicamentsfr/ip_middleware.go:55.79,60.67 2 1
github.com/giygas/medicamentsfr/ip_middleware.go:60.67,63.5 2 1
github.com/giygas/medicamentsfr/ip_middleware.go:66.3,66.23 1 1
github.com/giygas/medicamentsfr/json.go:11.76,13.16 2 1
github.com/giygas/medicamentsfr/json.go:13.16,17.3 3 0
github.com/giygas/medicamentsfr/json.go:19.2,25.16 7 1
github.com/giygas/medicamentsfr/json.go:28.68,38.16 6 1
github.com/giygas/medicamentsfr/json.go:38.16,42.3 2 0
github.com/giygas/medicamentsfr/json.go:45.2,45.23 1 1
github.com/giygas/medicamentsfr/main.go:37.28,41.37 2 1
github.com/giygas/medicamentsfr/main.go:41.37,43.3 1 0
github.com/giygas/medicamentsfr/main.go:46.2,46.58 1 0
github.com/giygas/medicamentsfr/main.go:46.58,47.38 1 0
github.com/giygas/medicamentsfr/main.go:47.38,49.4 1 0
github.com/giygas/medicamentsfr/main.go:52.2,52.16 1 0
github.com/giygas/medicamentsfr/main.go:52.16,54.3 1 0
github.com/giygas/medicamentsfr/main.go:56.2,59.12 2 0
github.com/giygas/medicamentsfr/main.go:59.12,63.22 3 0
github.com/giygas/medicamentsfr/main.go:63.22,65.45 2 0
github.com/giygas/medicamentsfr/main.go:65.45,67.5 1 0
github.com/giygas/medicamentsfr/main.go:73.45,75.2 1 1
github.com/giygas/medicamentsfr/main.go:77.47,79.2 1 1
github.com/giygas/medicamentsfr/main.go:81.54,83.2 1 1
github.com/giygas/medicamentsfr/main.go:85.52,87.2 1 1
github.com/giygas/medicamentsfr/main.go:89.33,91.2 1 1
github.com/giygas/medicamentsfr/main.go:93.24,95.2 1 1
github.com/giygas/medicamentsfr/main.go:97.25,99.57 1 1
github.com/giygas/medicamentsfr/main.go:99.57,102.3 2 0
github.com/giygas/medicamentsfr/main.go:103.2,113.32 6 1
github.com/giygas/medicamentsfr/main.go:113.32,115.3 1 0
github.com/giygas/medicamentsfr/main.go:117.2,130.12 9 0
github.com/giygas/medicamentsfr/main.go:133.13,143.16 7 1
github.com/giygas/medicamentsfr/main.go:143.16,146.17 2 0
github.com/giygas/medicamentsfr/main.go:146.17,148.4 1 0
github.com/giygas/medicamentsfr/main.go:150.3,153.17 3 0
github.com/giygas/medicamentsfr/main.go:153.17,155.4 1 0
github.com/giygas/medicamentsfr/main.go:158.2,158.26 1 1
github.com/giygas/medicamentsfr/main.go:161.13,164.22 2 0
github.com/giygas/medicamentsfr/main.go:164.22,166.3 1 0
github.com/giygas/medicamentsfr/main.go:167.2,168.24 2 0
github.com/giygas/medicamentsfr/main.go:168.24,170.3 1 0
github.com/giygas/medicamentsfr/main.go:172.2,210.63 18 0
github.com/giygas/medicamentsfr/main.go:210.63,216.3 3 0
github.com/giygas/medicamentsfr/main.go:219.2,219.74 1 0
github.com/giygas/medicamentsfr/main.go:219.74,225.3 3 0
github.com/giygas/medicamentsfr/main.go:228.2,233.12 3 0
github.com/giygas/medicamentsfr/main.go:233.12,237.90 3 0
github.com/giygas/medicamentsfr/main.go:237.90,239.4 1 0
github.com/giygas/medicamentsfr/main.go:243.2,251.45 5 0
github.com/giygas/medicamentsfr/main.go:251.45,254.40 2 0
github.com/giygas/medicamentsfr/main.go:254.40,256.4 1 0
github.com/giygas/medicamentsfr/main.go:257.8,259.3 1 0
github.com/giygas/medicamentsfr/main.go:262.2,265.41 3 0
github.com/giygas/medicamentsfr/main.go:269.59,280.2 2 1
github.com/giygas/medicamentsfr/main.go:283.58,293.2 2 1
github.com/giygas/medicamentsfr/rateLimitHandler.go:18.36,22.2 1 1
github.com/giygas/medicamentsfr/rateLimitHandler.go:24.69,29.13 4 1
github.com/giygas/medicamentsfr/rateLimitHandler.go:29.13,32.53 2 1
github.com/giygas/medicamentsfr/rateLimitHandler.go:32.53,36.4 2 1
github.com/giygas/medicamentsfr/rateLimitHandler.go:37.3,37.17 1 1
github.com/giygas/medicamentsfr/rateLimitHandler.go:40.2,40.15 1 1
github.com/giygas/medicamentsfr/rateLimitHandler.go:44.34,46.12 2 1
github.com/giygas/medicamentsfr/rateLimitHandler.go:46.12,47.22 1 1
github.com/giygas/medicamentsfr/rateLimitHandler.go:47.22,51.39 2 0
github.com/giygas/medicamentsfr/rateLimitHandler.go:51.39,52.48 1 0
github.com/giygas/medicamentsfr/rateLimitHandler.go:52.48,54.6 1 0
github.com/giygas/medicamentsfr/rateLimitHandler.go:56.4,56.18 1 0
github.com/giygas/medicamentsfr/rateLimitHandler.go:63.13,65.2 1 1
github.com/giygas/medicamentsfr/rateLimitHandler.go:67.42,68.20 1 1
github.com/giygas/medicamentsfr/rateLimitHandler.go:69.19,70.13 1 1
github.com/giygas/medicamentsfr/rateLimitHandler.go:78.10,79.12 1 1
github.com/giygas/medicamentsfr/rateLimitHandler.go:83.52,84.71 1 1
github.com/giygas/medicamentsfr/rateLimitHandler.go:84.71,86.85 1 1
github.com/giygas/medicamentsfr/rateLimitHandler.go:86.85,89.4 2 0
github.com/giygas/medicamentsfr/rateLimitHandler.go:93.3,94.68 2 1
github.com/giygas/medicamentsfr/rateLimitHandler.go:94.68,96.4 1 0
github.com/giygas/medicamentsfr/rateLimitHandler.go:98.3,104.50 3 1
github.com/giygas/medicamentsfr/rateLimitHandler.go:104.50,110.4 5 0
github.com/giygas/medicamentsfr/rateLimitHandler.go:113.3,117.20 3 1
github.com/giygas/medicamentsfr/serveFiles.go:14.93,16.57 1 1
github.com/giygas/medicamentsfr/serveFiles.go:16.57,17.61 1 0
github.com/giygas/medicamentsfr/serveFiles.go:17.61,18.29 1 0
github.com/giygas/medicamentsfr/serveFiles.go:18.29,21.5 2 0
github.com/giygas/medicamentsfr/serveFiles.go:25.2,25.53 1 1
github.com/giygas/medicamentsfr/serveFiles.go:25.53,27.18 2 0
github.com/giygas/medicamentsfr/serveFiles.go:27.18,30.4 2 0
github.com/giygas/medicamentsfr/serveFiles.go:33.2,33.14 1 1
github.com/giygas/medicamentsfr/serveFiles.go:36.66,46.43 6 1
github.com/giygas/medicamentsfr/serveFiles.go:46.43,48.3 1 0
github.com/giygas/medicamentsfr/serveFiles.go:50.2,50.38 1 1
github.com/giygas/medicamentsfr/serveFiles.go:53.68,56.28 2 1
github.com/giygas/medicamentsfr/serveFiles.go:56.28,60.3 2 1
github.com/giygas/medicamentsfr/serveFiles.go:62.2,73.20 8 1
github.com/giygas/medicamentsfr/serveFiles.go:73.20,76.3 2 1
github.com/giygas/medicamentsfr/serveFiles.go:78.2,80.22 3 1
github.com/giygas/medicamentsfr/serveFiles.go:80.22,82.3 1 1
github.com/giygas/medicamentsfr/serveFiles.go:84.2,98.33 2 1
github.com/giygas/medicamentsfr/serveFiles.go:101.61,103.26 2 1
github.com/giygas/medicamentsfr/serveFiles.go:103.26,106.3 2 0
github.com/giygas/medicamentsfr/serveFiles.go:108.2,109.16 2 1
github.com/giygas/medicamentsfr/serveFiles.go:109.16,112.3 2 0
github.com/giygas/medicamentsfr/serveFiles.go:114.2,117.34 3 1
github.com/giygas/medicamentsfr/serveFiles.go:117.34,118.44 1 1
github.com/giygas/medicamentsfr/serveFiles.go:118.44,120.4 1 1
github.com/giygas/medicamentsfr/serveFiles.go:123.2,123.35 1 1
github.com/giygas/medicamentsfr/serveFiles.go:123.35,126.3 2 1
github.com/giygas/medicamentsfr/serveFiles.go:129.2,141.33 3 1
github.com/giygas/medicamentsfr/serveFiles.go:145.65,147.16 2 1
github.com/giygas/medicamentsfr/serveFiles.go:147.16,150.3 2 0
github.com/giygas/medicamentsfr/serveFiles.go:152.2,155.13 3 1
github.com/giygas/medicamentsfr/serveFiles.go:155.13,158.3 2 1
github.com/giygas/medicamentsfr/serveFiles.go:161.2,165.37 4 1
github.com/giygas/medicamentsfr/serveFiles.go:168.61,170.26 2 1
github.com/giygas/medicamentsfr/serveFiles.go:170.26,173.3 2 0
github.com/giygas/medicamentsfr/serveFiles.go:175.2,176.16 2 1
github.com/giygas/medicamentsfr/serveFiles.go:176.16,179.3 2 0
github.com/giygas/medicamentsfr/serveFiles.go:181.2,184.33 3 1
github.com/giygas/medicamentsfr/serveFiles.go:184.33,185.39 1 1
github.com/giygas/medicamentsfr/serveFiles.go:185.39,187.4 1 1
github.com/giygas/medicamentsfr/serveFiles.go:190.2,190.34 1 1
github.com/giygas/medicamentsfr/serveFiles.go:190.34,193.3 2 1
github.com/giygas/medicamentsfr/serveFiles.go:195.2,196.45 2 1
github.com/giygas/medicamentsfr/serveFiles.go:200.70,202.16 2 1
github.com/giygas/medicamentsfr/serveFiles.go:202.16,205.3 2 1
github.com/giygas/medicamentsfr/serveFiles.go:207.2,209.13 3 1
github.com/giygas/medicamentsfr/serveFiles.go:209.13,212.3 2 1
github.com/giygas/medicamentsfr/serveFiles.go:214.2,218.36 4 1
