mode: set
github.com/giygas/medicamentsfr/medicamentsparser/downloader.go:14.62,18.16 3 1
github.com/giygas/medicamentsfr/medicamentsparser/downloader.go:18.16,19.13 1 0
github.com/giygas/medicamentsfr/medicamentsparser/downloader.go:21.2,24.16 3 1
github.com/giygas/medicamentsfr/medicamentsparser/downloader.go:24.16,25.13 1 0
github.com/giygas/medicamentsfr/medicamentsparser/downloader.go:28.2,32.21 4 1
github.com/giygas/medicamentsfr/medicamentsparser/downloader.go:32.21,34.17 2 1
github.com/giygas/medicamentsfr/medicamentsparser/downloader.go:34.17,35.14 1 0
github.com/giygas/medicamentsfr/medicamentsparser/downloader.go:38.2,39.12 2 1
github.com/giygas/medicamentsfr/medicamentsparser/downloader.go:43.34,57.16 4 1
github.com/giygas/medicamentsfr/medicamentsparser/downloader.go:57.16,58.13 1 0
github.com/giygas/medicamentsfr/medicamentsparser/downloader.go:60.2,62.16 3 1
github.com/giygas/medicamentsfr/medicamentsparser/downloader.go:62.16,63.13 1 0
github.com/giygas/medicamentsfr/medicamentsparser/downloader.go:66.2,68.35 2 1
github.com/giygas/medicamentsfr/medicamentsparser/downloader.go:68.35,71.36 2 1
github.com/giygas/medicamentsfr/medicamentsparser/downloader.go:71.36,74.4 2 1
github.com/giygas/medicamentsfr/medicamentsparser/downloader.go:77.2,79.12 2 1
github.com/giygas/medicamentsfr/medicamentsparser/fileReader.go:11.52,13.16 2 0
github.com/giygas/medicamentsfr/medicamentsparser/fileReader.go:13.16,15.3 1 0
github.com/giygas/medicamentsfr/medicamentsparser/fileReader.go:17.2,19.16 3 0
github.com/giygas/medicamentsfr/medicamentsparser/fileReader.go:19.16,21.3 1 0
github.com/giygas/medicamentsfr/medicamentsparser/fileReader.go:24.2,24.20 1 0
github.com/giygas/medicamentsfr/medicamentsparser/fileReader.go:27.53,29.16 2 0
github.com/giygas/medicamentsfr/medicamentsparser/fileReader.go:29.16,31.3 1 0
github.com/giygas/medicamentsfr/medicamentsparser/fileReader.go:33.2,35.16 3 0
github.com/giygas/medicamentsfr/medicamentsparser/fileReader.go:35.16,37.3 1 0
github.com/giygas/medicamentsfr/medicamentsparser/fileReader.go:40.2,40.13 1 0
github.com/giygas/medicamentsfr/medicamentsparser/fileReader.go:43.49,45.16 2 0
github.com/giygas/medicamentsfr/medicamentsparser/fileReader.go:45.16,47.3 1 0
github.com/giygas/medicamentsfr/medicamentsparser/fileReader.go:49.2,51.16 3 0
github.com/giygas/medicamentsfr/medicamentsparser/fileReader.go:51.16,53.3 1 0
github.com/giygas/medicamentsfr/medicamentsparser/fileReader.go:56.2,56.13 1 0
github.com/giygas/medicamentsfr/medicamentsparser/fileReader.go:59.45,61.16 2 1
github.com/giygas/medicamentsfr/medicamentsparser/fileReader.go:61.16,63.3 1 0
github.com/giygas/medicamentsfr/medicamentsparser/fileReader.go:65.2,68.16 3 1
github.com/giygas/medicamentsfr/medicamentsparser/fileReader.go:68.16,70.3 1 0
github.com/giygas/medicamentsfr/medicamentsparser/fileReader.go:73.2,73.13 1 1
github.com/giygas/medicamentsfr/medicamentsparser/fileReader.go:76.55,78.16 2 0
github.com/giygas/medicamentsfr/medicamentsparser/fileReader.go:78.16,80.3 1 0
github.com/giygas/medicamentsfr/medicamentsparser/fileReader.go:82.2,84.16 3 0
github.com/giygas/medicamentsfr/medicamentsparser/fileReader.go:84.16,86.3 1 0
github.com/giygas/medicamentsfr/medicamentsparser/fileReader.go:89.2,89.13 1 0
github.com/giygas/medicamentsfr/medicamentsparser/generiquesParser.go:15.149,20.31 3 1
github.com/giygas/medicamentsfr/medicamentsparser/generiquesParser.go:20.31,22.3 1 1
github.com/giygas/medicamentsfr/medicamentsparser/generiquesParser.go:25.2,33.35 4 1
github.com/giygas/medicamentsfr/medicamentsparser/generiquesParser.go:33.35,37.17 2 1
github.com/giygas/medicamentsfr/medicamentsparser/generiquesParser.go:37.17,39.4 1 0
github.com/giygas/medicamentsfr/medicamentsparser/generiquesParser.go:41.3,47.43 2 1
github.com/giygas/medicamentsfr/medicamentsparser/generiquesParser.go:50.2,51.16 2 1
github.com/giygas/medicamentsfr/medicamentsparser/generiquesParser.go:51.16,53.3 1 0
github.com/giygas/medicamentsfr/medicamentsparser/generiquesParser.go:54.2,56.34 3 1
github.com/giygas/medicamentsfr/medicamentsparser/generiquesParser.go:59.112,61.43 2 1
github.com/giygas/medicamentsfr/medicamentsparser/generiquesParser.go:61.43,68.3 2 0
github.com/giygas/medicamentsfr/medicamentsparser/generiquesParser.go:69.2,69.21 1 1
github.com/giygas/medicamentsfr/medicamentsparser/generiquesParser.go:72.125,75.35 2 1
github.com/giygas/medicamentsfr/medicamentsparser/generiquesParser.go:75.35,76.48 1 1
github.com/giygas/medicamentsfr/medicamentsparser/generiquesParser.go:76.48,86.4 3 1
github.com/giygas/medicamentsfr/medicamentsparser/generiquesParser.go:89.2,89.25 1 1
github.com/giygas/medicamentsfr/medicamentsparser/medicamentParser.go:13.50,27.12 9 1
github.com/giygas/medicamentsfr/medicamentsparser/medicamentParser.go:27.12,29.3 1 1
github.com/giygas/medicamentsfr/medicamentsparser/medicamentParser.go:31.2,31.12 1 1
github.com/giygas/medicamentsfr/medicamentsparser/medicamentParser.go:31.12,33.3 1 1
github.com/giygas/medicamentsfr/medicamentsparser/medicamentParser.go:35.2,35.12 1 1
github.com/giygas/medicamentsfr/medicamentsparser/medicamentParser.go:35.12,37.3 1 1
github.com/giygas/medicamentsfr/medicamentsparser/medicamentParser.go:39.2,39.12 1 1
github.com/giygas/medicamentsfr/medicamentsparser/medicamentParser.go:39.12,41.3 1 1
github.com/giygas/medicamentsfr/medicamentsparser/medicamentParser.go:43.2,43.12 1 1
github.com/giygas/medicamentsfr/medicamentsparser/medicamentParser.go:43.12,45.3 1 1
github.com/giygas/medicamentsfr/medicamentsparser/medicamentParser.go:47.2,63.34 13 1
github.com/giygas/medicamentsfr/medicamentsparser/medicamentParser.go:63.34,82.19 14 1
github.com/giygas/medicamentsfr/medicamentsparser/medicamentParser.go:82.19,84.35 2 1
github.com/giygas/medicamentsfr/medicamentsparser/medicamentParser.go:84.35,85.20 1 1
github.com/giygas/medicamentsfr/medicamentsparser/medicamentParser.go:85.20,87.6 1 1
github.com/giygas/medicamentsfr/medicamentsparser/medicamentParser.go:92.3,92.19 1 1
github.com/giygas/medicamentsfr/medicamentsparser/medicamentParser.go:92.19,94.33 2 1
github.com/giygas/medicamentsfr/medicamentsparser/medicamentParser.go:94.33,95.20 1 1
github.com/giygas/medicamentsfr/medicamentsparser/medicamentParser.go:95.20,97.6 1 1
github.com/giygas/medicamentsfr/medicamentsparser/medicamentParser.go:102.3,102.19 1 1
github.com/giygas/medicamentsfr/medicamentsparser/medicamentParser.go:102.19,104.36 2 1
github.com/giygas/medicamentsfr/medicamentsparser/medicamentParser.go:104.36,105.20 1 1
github.com/giygas/medicamentsfr/medicamentsparser/medicamentParser.go:105.20,107.6 1 1
github.com/giygas/medicamentsfr/medicamentsparser/medicamentParser.go:112.3,112.19 1 1
github.com/giygas/medicamentsfr/medicamentsparser/medicamentParser.go:112.19,114.33 2 1
github.com/giygas/medicamentsfr/medicamentsparser/medicamentParser.go:114.33,115.20 1 1
github.com/giygas/medicamentsfr/medicamentsparser/medicamentParser.go:115.20,117.6 1 1
github.com/giygas/medicamentsfr/medicamentsparser/medicamentParser.go:121.3,122.59 2 1
github.com/giygas/medicamentsfr/medicamentsparser/medicamentParser.go:126.2,127.16 2 1
github.com/giygas/medicamentsfr/medicamentsparser/medicamentParser.go:127.16,129.3 1 0
github.com/giygas/medicamentsfr/medicamentsparser/medicamentParser.go:131.2,140.25 8 1
github.com/giygas/medicamentsfr/medicamentsparser/tsvConverter.go:16.68,20.16 3 1
github.com/giygas/medicamentsfr/medicamentsparser/tsvConverter.go:20.16,22.3 1 0
github.com/giygas/medicamentsfr/medicamentsparser/tsvConverter.go:23.2,29.21 4 1
github.com/giygas/medicamentsfr/medicamentsparser/tsvConverter.go:29.21,34.17 4 1
github.com/giygas/medicamentsfr/medicamentsparser/tsvConverter.go:34.17,36.4 1 0
github.com/giygas/medicamentsfr/medicamentsparser/tsvConverter.go:38.3,39.17 2 1
github.com/giygas/medicamentsfr/medicamentsparser/tsvConverter.go:39.17,41.4 1 0
github.com/giygas/medicamentsfr/medicamentsparser/tsvConverter.go:43.3,44.17 2 1
github.com/giygas/medicamentsfr/medicamentsparser/tsvConverter.go:44.17,46.4 1 0
github.com/giygas/medicamentsfr/medicamentsparser/tsvConverter.go:51.3,53.22 2 1
github.com/giygas/medicamentsfr/medicamentsparser/tsvConverter.go:53.22,59.21 2 1
github.com/giygas/medicamentsfr/medicamentsparser/tsvConverter.go:59.21,61.5 1 1
github.com/giygas/medicamentsfr/medicamentsparser/tsvConverter.go:64.4,66.18 2 1
github.com/giygas/medicamentsfr/medicamentsparser/tsvConverter.go:66.18,69.5 2 0
github.com/giygas/medicamentsfr/medicamentsparser/tsvConverter.go:70.4,72.21 2 1
github.com/giygas/medicamentsfr/medicamentsparser/tsvConverter.go:73.9,75.4 1 1
github.com/giygas/medicamentsfr/medicamentsparser/tsvConverter.go:77.3,90.44 2 1
github.com/giygas/medicamentsfr/medicamentsparser/tsvConverter.go:93.2,94.20 2 1
github.com/giygas/medicamentsfr/medicamentsparser/tsvConverter.go:97.62,98.15 1 1
github.com/giygas/medicamentsfr/medicamentsparser/tsvConverter.go:98.15,100.3 1 1
github.com/giygas/medicamentsfr/medicamentsparser/tsvConverter.go:100.8,102.3 1 1
github.com/giygas/medicamentsfr/medicamentsparser/tsvConverter.go:104.2,105.16 2 1
github.com/giygas/medicamentsfr/medicamentsparser/tsvConverter.go:105.16,107.3 1 0
github.com/giygas/medicamentsfr/medicamentsparser/tsvConverter.go:108.2,118.21 5 1
github.com/giygas/medicamentsfr/medicamentsparser/tsvConverter.go:118.21,123.17 4 1
github.com/giygas/medicamentsfr/medicamentsparser/tsvConverter.go:123.17,126.4 1 0
github.com/giygas/medicamentsfr/medicamentsparser/tsvConverter.go:128.3,129.17 2 1
github.com/giygas/medicamentsfr/medicamentsparser/tsvConverter.go:129.17,131.4 1 0
github.com/giygas/medicamentsfr/medicamentsparser/tsvConverter.go:133.3,135.20 2 1
github.com/giygas/medicamentsfr/medicamentsparser/tsvConverter.go:136.12,137.30 1 1
github.com/giygas/medicamentsfr/medicamentsparser/tsvConverter.go:138.12,139.33 1 1
github.com/giygas/medicamentsfr/medicamentsparser/tsvConverter.go:140.12,141.68 1 1
github.com/giygas/medicamentsfr/medicamentsparser/tsvConverter.go:142.12,143.47 1 0
github.com/giygas/medicamentsfr/medicamentsparser/tsvConverter.go:146.3,156.15 3 1
github.com/giygas/medicamentsfr/medicamentsparser/tsvConverter.go:156.15,158.4 1 1
github.com/giygas/medicamentsfr/medicamentsparser/tsvConverter.go:161.2,162.16 2 1
github.com/giygas/medicamentsfr/medicamentsparser/tsvConverter.go:162.16,164.3 1 0
github.com/giygas/medicamentsfr/medicamentsparser/tsvConverter.go:165.2,165.15 1 1
github.com/giygas/medicamentsfr/medicamentsparser/tsvConverter.go:165.15,169.3 3 1
github.com/giygas/medicamentsfr/medicamentsparser/tsvConverter.go:171.2,171.20 1 1
github.com/giygas/medicamentsfr/medicamentsparser/tsvConverter.go:174.66,178.16 3 1
github.com/giygas/medicamentsfr/medicamentsparser/tsvConverter.go:178.16,180.3 1 0
github.com/giygas/medicamentsfr/medicamentsparser/tsvConverter.go:181.2,187.21 4 1
github.com/giygas/medicamentsfr/medicamentsparser/tsvConverter.go:187.21,192.17 4 1
github.com/giygas/medicamentsfr/medicamentsparser/tsvConverter.go:192.17,194.4 1 0
github.com/giygas/medicamentsfr/medicamentsparser/tsvConverter.go:196.3,197.17 2 1
github.com/giygas/medicamentsfr/medicamentsparser/tsvConverter.go:197.17,200.4 1 0
github.com/giygas/medicamentsfr/medicamentsparser/tsvConverter.go:202.3,212.44 2 1
github.com/giygas/medicamentsfr/medicamentsparser/tsvConverter.go:215.2,216.20 2 1
github.com/giygas/medicamentsfr/medicamentsparser/tsvConverter.go:219.64,223.16 3 1
github.com/giygas/medicamentsfr/medicamentsparser/tsvConverter.go:223.16,225.3 1 0
github.com/giygas/medicamentsfr/medicamentsparser/tsvConverter.go:226.2,232.21 4 1
github.com/giygas/medicamentsfr/medicamentsparser/tsvConverter.go:232.21,237.17 4 1
github.com/giygas/medicamentsfr/medicamentsparser/tsvConverter.go:237.17,239.4 1 0
github.com/giygas/medicamentsfr/medicamentsparser/tsvConverter.go:241.3,254.44 2 1
github.com/giygas/medicamentsfr/medicamentsparser/tsvConverter.go:257.2,258.20 2 1
github.com/giygas/medicamentsfr/medicamentsparser/tsvConverter.go:261.62,265.16 3 1
github.com/giygas/medicamentsfr/medicamentsparser/tsvConverter.go:265.16,267.3 1 0
github.com/giygas/medicamentsfr/medicamentsparser/tsvConverter.go:268.2,274.21 4 1
github.com/giygas/medicamentsfr/medicamentsparser/tsvConverter.go:274.21,279.21 3 1
github.com/giygas/medicamentsfr/medicamentsparser/tsvConverter.go:279.21,280.12 1 1
github.com/giygas/medicamentsfr/medicamentsparser/tsvConverter.go:283.3,284.17 2 1
github.com/giygas/medicamentsfr/medicamentsparser/tsvConverter.go:284.17,286.4 1 0
github.com/giygas/medicamentsfr/medicamentsparser/tsvConverter.go:288.3,293.44 2 1
github.com/giygas/medicamentsfr/medicamentsparser/tsvConverter.go:296.2,297.20 2 1
github.com/giygas/medicamentsfr/medicamentsparser/tsvConverter.go:302.53,306.16 3 1
github.com/giygas/medicamentsfr/medicamentsparser/tsvConverter.go:306.16,308.3 1 0
github.com/giygas/medicamentsfr/medicamentsparser/tsvConverter.go:309.2,313.21 3 1
github.com/giygas/medicamentsfr/medicamentsparser/tsvConverter.go:313.21,318.17 4 1
github.com/giygas/medicamentsfr/medicamentsparser/tsvConverter.go:318.17,320.4 1 0
github.com/giygas/medicamentsfr/medicamentsparser/tsvConverter.go:322.3,324.20 2 1
github.com/giygas/medicamentsfr/medicamentsparser/tsvConverter.go:325.12,326.30 1 1
github.com/giygas/medicamentsfr/medicamentsparser/tsvConverter.go:327.12,328.33 1 0
github.com/giygas/medicamentsfr/medicamentsparser/tsvConverter.go:329.12,330.68 1 0
github.com/giygas/medicamentsfr/medicamentsparser/tsvConverter.go:331.12,332.47 1 0
github.com/giygas/medicamentsfr/medicamentsparser/tsvConverter.go:335.3,335.32 1 1
github.com/giygas/medicamentsfr/medicamentsparser/tsvConverter.go:338.2,338.17 1 1
